<?xml version="1.0" encoding="UTF-8"?>
<!-- Generated by org.testng.reporters.JUnitXMLReporter -->
<testsuite ignored="2" hostname="DESKTOP-JFR5O47" failures="0" tests="1" name="Default test" time="0.078" errors="0" timestamp="2022-07-19T23:36:44 IST">
  <testcase classname="org.tyss.maven_command_line_argument_practice.MavenPracticeTest" name="mavenPracticeTest1" time="0.01"/>
  <testcase classname="org.tyss.maven_command_line_argument_practice.MavenPracticeTest" name="mavenPracticeTest3" time="0.0">
    <ignored/>
  </testcase> <!-- mavenPracticeTest3 -->
  <testcase classname="org.tyss.maven_command_line_argument_practice.MavenPracticeTest" name="mavenPracticeTest2" time="0.0">
    <ignored/>
  </testcase> <!-- mavenPracticeTest2 -->
</testsuite> <!-- Default test -->
